<?xml version="1.0" encoding="UTF-8"?>
<!-- Generated by org.testng.reporters.JUnitReportReporter -->
<testsuite hostname="DESKTOP-20FIH4S" failures="0" tests="3" name="MyTestCases" time="223.421" errors="0" timestamp="2023-10-14T20:53:10 EEST" skipped="0">
  <testcase classname="MyTestCases" name="SignUpWithRandomlyEmails" time="19.791"/>
  <system-out/>
  <testcase classname="MyTestCases" name="SignIn" time="72.225"/>
  <system-out/>
  <testcase classname="MyTestCases" name="Add_To_Cart" time="131.405"/>
  <system-out/>
</testsuite> <!-- MyTestCases -->
