<?xml version="1.0" encoding="UTF-8"?>
<!-- Generated by org.testng.reporters.JUnitReportReporter -->
<testsuite hostname="DESKTOP-20FIH4S" failures="0" tests="2" name="MyTestCases" time="48.272" errors="0" timestamp="2023-10-14T13:26:51 EEST" skipped="0">
  <testcase classname="MyTestCases" name="SignUpWithRandomlyEmails" time="35.824"/>
  <system-out/>
  <testcase classname="MyTestCases" name="SignIn" time="12.448"/>
  <system-out/>
</testsuite> <!-- MyTestCases -->
