<?xml version="1.0" encoding="UTF-8"?>
<!-- Generated by org.testng.reporters.JUnitReportReporter -->
<testsuite hostname="DESKTOP-20FIH4S" failures="0" tests="5" name="MyTestCases" time="349.349" errors="0" timestamp="2023-10-25T21:11:47 EEST" skipped="0">
  <testcase classname="MyTestCases" name="SignUpWithRandomlyEmails" time="8.077"/>
  <system-out/>
  <testcase classname="MyTestCases" name="SignIn" time="7.079"/>
  <system-out/>
  <testcase classname="MyTestCases" name="Add_To_Cart" time="296.200"/>
  <system-out/>
  <testcase classname="MyTestCases" name="CheckOutToProceed" time="36.651"/>
  <system-out/>
  <testcase classname="MyTestCases" name="invoice" time="1.342"/>
  <system-out/>
</testsuite> <!-- MyTestCases -->
